2011-04-25 21:00:25 Debug: Notice (8): Undefined variable: photo in [C:\xampp\htdocs\FacepalmRoulette\myapp\views\photos\next.ctp, line 6]
2011-04-25 21:00:25 Debug: Notice (8): Undefined variable: photo in [C:\xampp\htdocs\FacepalmRoulette\myapp\views\photos\next.ctp, line 11]
2011-04-25 21:00:25 Debug: Notice (8): Undefined variable: photo in [C:\xampp\htdocs\FacepalmRoulette\myapp\views\photos\next.ctp, line 16]
2011-04-25 21:06:12 Debug: Notice (8): Undefined index: Photo in [C:\xampp\htdocs\FacepalmRoulette\myapp\views\photos\next.ctp, line 6]
2011-04-25 21:06:12 Debug: Notice (8): Undefined index: Photo in [C:\xampp\htdocs\FacepalmRoulette\myapp\views\photos\next.ctp, line 11]
2011-04-25 21:06:12 Debug: Notice (8): Undefined index: Photo in [C:\xampp\htdocs\FacepalmRoulette\myapp\views\photos\next.ctp, line 16]
2011-04-25 21:06:13 Debug: Notice (8): Undefined index: Photo in [C:\xampp\htdocs\FacepalmRoulette\myapp\views\photos\next.ctp, line 6]
2011-04-25 21:06:13 Debug: Notice (8): Undefined index: Photo in [C:\xampp\htdocs\FacepalmRoulette\myapp\views\photos\next.ctp, line 11]
2011-04-25 21:06:13 Debug: Notice (8): Undefined index: Photo in [C:\xampp\htdocs\FacepalmRoulette\myapp\views\photos\next.ctp, line 16]
2011-04-25 21:06:14 Debug: Notice (8): Undefined index: Photo in [C:\xampp\htdocs\FacepalmRoulette\myapp\views\photos\next.ctp, line 6]
2011-04-25 21:06:14 Debug: Notice (8): Undefined index: Photo in [C:\xampp\htdocs\FacepalmRoulette\myapp\views\photos\next.ctp, line 11]
2011-04-25 21:06:14 Debug: Notice (8): Undefined index: Photo in [C:\xampp\htdocs\FacepalmRoulette\myapp\views\photos\next.ctp, line 16]
2011-04-25 21:06:14 Debug: Notice (8): Undefined index: Photo in [C:\xampp\htdocs\FacepalmRoulette\myapp\views\photos\next.ctp, line 6]
2011-04-25 21:06:14 Debug: Notice (8): Undefined index: Photo in [C:\xampp\htdocs\FacepalmRoulette\myapp\views\photos\next.ctp, line 11]
2011-04-25 21:06:14 Debug: Notice (8): Undefined index: Photo in [C:\xampp\htdocs\FacepalmRoulette\myapp\views\photos\next.ctp, line 16]
2011-04-25 21:06:49 Debug: Notice (8): Undefined index: Photo in [C:\xampp\htdocs\FacepalmRoulette\myapp\views\photos\next.ctp, line 7]
2011-04-25 21:06:49 Debug: Notice (8): Undefined index: Photo in [C:\xampp\htdocs\FacepalmRoulette\myapp\views\photos\next.ctp, line 12]
2011-04-25 21:06:49 Debug: Notice (8): Undefined index: Photo in [C:\xampp\htdocs\FacepalmRoulette\myapp\views\photos\next.ctp, line 17]
2011-04-25 21:06:50 Debug: Notice (8): Undefined index: Photo in [C:\xampp\htdocs\FacepalmRoulette\myapp\views\photos\next.ctp, line 7]
2011-04-25 21:06:50 Debug: Notice (8): Undefined index: Photo in [C:\xampp\htdocs\FacepalmRoulette\myapp\views\photos\next.ctp, line 12]
2011-04-25 21:06:50 Debug: Notice (8): Undefined index: Photo in [C:\xampp\htdocs\FacepalmRoulette\myapp\views\photos\next.ctp, line 17]
2011-04-25 21:07:15 Debug: Notice (8): Undefined variable: Photo in [C:\xampp\htdocs\FacepalmRoulette\myapp\views\photos\next.ctp, line 1]
2011-04-25 21:07:15 Debug: Notice (8): Undefined index: Photo in [C:\xampp\htdocs\FacepalmRoulette\myapp\views\photos\next.ctp, line 7]
2011-04-25 21:07:15 Debug: Notice (8): Undefined index: Photo in [C:\xampp\htdocs\FacepalmRoulette\myapp\views\photos\next.ctp, line 12]
2011-04-25 21:07:15 Debug: Notice (8): Undefined index: Photo in [C:\xampp\htdocs\FacepalmRoulette\myapp\views\photos\next.ctp, line 17]
2011-04-25 21:07:17 Debug: Notice (8): Undefined variable: Photo in [C:\xampp\htdocs\FacepalmRoulette\myapp\views\photos\next.ctp, line 1]
2011-04-25 21:07:17 Debug: Notice (8): Undefined index: Photo in [C:\xampp\htdocs\FacepalmRoulette\myapp\views\photos\next.ctp, line 7]
2011-04-25 21:07:17 Debug: Notice (8): Undefined index: Photo in [C:\xampp\htdocs\FacepalmRoulette\myapp\views\photos\next.ctp, line 12]
2011-04-25 21:07:17 Debug: Notice (8): Undefined index: Photo in [C:\xampp\htdocs\FacepalmRoulette\myapp\views\photos\next.ctp, line 17]
2011-04-25 21:07:20 Debug: Notice (8): Undefined variable: Photo in [C:\xampp\htdocs\FacepalmRoulette\myapp\views\photos\next.ctp, line 1]
2011-04-25 21:07:20 Debug: Notice (8): Undefined index: Photo in [C:\xampp\htdocs\FacepalmRoulette\myapp\views\photos\next.ctp, line 7]
2011-04-25 21:07:20 Debug: Notice (8): Undefined index: Photo in [C:\xampp\htdocs\FacepalmRoulette\myapp\views\photos\next.ctp, line 12]
2011-04-25 21:07:20 Debug: Notice (8): Undefined index: Photo in [C:\xampp\htdocs\FacepalmRoulette\myapp\views\photos\next.ctp, line 17]
2011-04-25 21:07:23 Debug: Notice (8): Undefined index: Photo in [C:\xampp\htdocs\FacepalmRoulette\myapp\views\photos\next.ctp, line 7]
2011-04-25 21:07:23 Debug: Notice (8): Undefined index: Photo in [C:\xampp\htdocs\FacepalmRoulette\myapp\views\photos\next.ctp, line 12]
2011-04-25 21:07:23 Debug: Notice (8): Undefined index: Photo in [C:\xampp\htdocs\FacepalmRoulette\myapp\views\photos\next.ctp, line 17]
2011-04-25 21:07:26 Debug: Notice (8): Undefined index: Photo in [C:\xampp\htdocs\FacepalmRoulette\myapp\views\photos\next.ctp, line 7]
2011-04-25 21:07:26 Debug: Notice (8): Undefined index: Photo in [C:\xampp\htdocs\FacepalmRoulette\myapp\views\photos\next.ctp, line 12]
2011-04-25 21:07:26 Debug: Notice (8): Undefined index: Photo in [C:\xampp\htdocs\FacepalmRoulette\myapp\views\photos\next.ctp, line 17]
2011-04-25 21:08:04 Debug: Notice (8): Undefined index: Photo in [C:\xampp\htdocs\FacepalmRoulette\myapp\views\photos\next.ctp, line 7]
2011-04-25 21:08:04 Debug: Notice (8): Undefined index: Photo in [C:\xampp\htdocs\FacepalmRoulette\myapp\views\photos\next.ctp, line 12]
2011-04-25 21:08:04 Debug: Notice (8): Undefined index: Photo in [C:\xampp\htdocs\FacepalmRoulette\myapp\views\photos\next.ctp, line 17]
2011-04-25 21:08:05 Debug: Notice (8): Undefined index: Photo in [C:\xampp\htdocs\FacepalmRoulette\myapp\views\photos\next.ctp, line 7]
2011-04-25 21:08:05 Debug: Notice (8): Undefined index: Photo in [C:\xampp\htdocs\FacepalmRoulette\myapp\views\photos\next.ctp, line 12]
2011-04-25 21:08:05 Debug: Notice (8): Undefined index: Photo in [C:\xampp\htdocs\FacepalmRoulette\myapp\views\photos\next.ctp, line 17]
2011-04-25 21:08:13 Debug: Notice (8): Undefined index: Photo in [C:\xampp\htdocs\FacepalmRoulette\myapp\views\photos\next.ctp, line 7]
2011-04-25 21:08:13 Debug: Notice (8): Undefined index: Photo in [C:\xampp\htdocs\FacepalmRoulette\myapp\views\photos\next.ctp, line 12]
2011-04-25 21:08:13 Debug: Notice (8): Undefined index: Photo in [C:\xampp\htdocs\FacepalmRoulette\myapp\views\photos\next.ctp, line 17]
2011-04-25 21:08:39 Debug: Notice (8): Undefined index: Photo in [C:\xampp\htdocs\FacepalmRoulette\myapp\views\photos\next.ctp, line 7]
2011-04-25 21:08:39 Debug: Notice (8): Undefined index: Photo in [C:\xampp\htdocs\FacepalmRoulette\myapp\views\photos\next.ctp, line 12]
2011-04-25 21:08:39 Debug: Notice (8): Undefined index: Photo in [C:\xampp\htdocs\FacepalmRoulette\myapp\views\photos\next.ctp, line 17]
2011-04-25 21:08:40 Debug: Notice (8): Undefined index: Photo in [C:\xampp\htdocs\FacepalmRoulette\myapp\views\photos\next.ctp, line 7]
2011-04-25 21:08:40 Debug: Notice (8): Undefined index: Photo in [C:\xampp\htdocs\FacepalmRoulette\myapp\views\photos\next.ctp, line 12]
2011-04-25 21:08:40 Debug: Notice (8): Undefined index: Photo in [C:\xampp\htdocs\FacepalmRoulette\myapp\views\photos\next.ctp, line 17]
2011-04-25 21:08:40 Debug: Notice (8): Undefined index: Photo in [C:\xampp\htdocs\FacepalmRoulette\myapp\views\photos\next.ctp, line 7]
2011-04-25 21:08:40 Debug: Notice (8): Undefined index: Photo in [C:\xampp\htdocs\FacepalmRoulette\myapp\views\photos\next.ctp, line 12]
2011-04-25 21:08:40 Debug: Notice (8): Undefined index: Photo in [C:\xampp\htdocs\FacepalmRoulette\myapp\views\photos\next.ctp, line 17]
2011-04-25 21:08:41 Debug: Notice (8): Undefined index: Photo in [C:\xampp\htdocs\FacepalmRoulette\myapp\views\photos\next.ctp, line 7]
2011-04-25 21:08:41 Debug: Notice (8): Undefined index: Photo in [C:\xampp\htdocs\FacepalmRoulette\myapp\views\photos\next.ctp, line 12]
2011-04-25 21:08:41 Debug: Notice (8): Undefined index: Photo in [C:\xampp\htdocs\FacepalmRoulette\myapp\views\photos\next.ctp, line 17]
2011-04-25 21:08:41 Debug: Notice (8): Undefined index: Photo in [C:\xampp\htdocs\FacepalmRoulette\myapp\views\photos\next.ctp, line 7]
2011-04-25 21:08:41 Debug: Notice (8): Undefined index: Photo in [C:\xampp\htdocs\FacepalmRoulette\myapp\views\photos\next.ctp, line 12]
2011-04-25 21:08:41 Debug: Notice (8): Undefined index: Photo in [C:\xampp\htdocs\FacepalmRoulette\myapp\views\photos\next.ctp, line 17]
2011-04-25 21:08:41 Debug: Notice (8): Undefined index: Photo in [C:\xampp\htdocs\FacepalmRoulette\myapp\views\photos\next.ctp, line 7]
2011-04-25 21:08:41 Debug: Notice (8): Undefined index: Photo in [C:\xampp\htdocs\FacepalmRoulette\myapp\views\photos\next.ctp, line 12]
2011-04-25 21:08:41 Debug: Notice (8): Undefined index: Photo in [C:\xampp\htdocs\FacepalmRoulette\myapp\views\photos\next.ctp, line 17]
2011-04-25 21:08:41 Debug: Notice (8): Undefined index: Photo in [C:\xampp\htdocs\FacepalmRoulette\myapp\views\photos\next.ctp, line 7]
2011-04-25 21:08:41 Debug: Notice (8): Undefined index: Photo in [C:\xampp\htdocs\FacepalmRoulette\myapp\views\photos\next.ctp, line 12]
2011-04-25 21:08:41 Debug: Notice (8): Undefined index: Photo in [C:\xampp\htdocs\FacepalmRoulette\myapp\views\photos\next.ctp, line 17]
2011-04-25 21:08:42 Debug: Notice (8): Undefined index: Photo in [C:\xampp\htdocs\FacepalmRoulette\myapp\views\photos\next.ctp, line 7]
2011-04-25 21:08:42 Debug: Notice (8): Undefined index: Photo in [C:\xampp\htdocs\FacepalmRoulette\myapp\views\photos\next.ctp, line 12]
2011-04-25 21:08:42 Debug: Notice (8): Undefined index: Photo in [C:\xampp\htdocs\FacepalmRoulette\myapp\views\photos\next.ctp, line 17]
2011-04-25 21:08:42 Debug: Notice (8): Undefined index: Photo in [C:\xampp\htdocs\FacepalmRoulette\myapp\views\photos\next.ctp, line 7]
2011-04-25 21:08:42 Debug: Notice (8): Undefined index: Photo in [C:\xampp\htdocs\FacepalmRoulette\myapp\views\photos\next.ctp, line 12]
2011-04-25 21:08:42 Debug: Notice (8): Undefined index: Photo in [C:\xampp\htdocs\FacepalmRoulette\myapp\views\photos\next.ctp, line 17]
2011-04-25 21:08:42 Debug: Notice (8): Undefined index: Photo in [C:\xampp\htdocs\FacepalmRoulette\myapp\views\photos\next.ctp, line 7]
2011-04-25 21:08:42 Debug: Notice (8): Undefined index: Photo in [C:\xampp\htdocs\FacepalmRoulette\myapp\views\photos\next.ctp, line 12]
2011-04-25 21:08:42 Debug: Notice (8): Undefined index: Photo in [C:\xampp\htdocs\FacepalmRoulette\myapp\views\photos\next.ctp, line 17]
2011-04-25 21:08:42 Debug: Notice (8): Undefined index: Photo in [C:\xampp\htdocs\FacepalmRoulette\myapp\views\photos\next.ctp, line 7]
2011-04-25 21:08:42 Debug: Notice (8): Undefined index: Photo in [C:\xampp\htdocs\FacepalmRoulette\myapp\views\photos\next.ctp, line 12]
2011-04-25 21:08:42 Debug: Notice (8): Undefined index: Photo in [C:\xampp\htdocs\FacepalmRoulette\myapp\views\photos\next.ctp, line 17]
2011-04-25 21:08:43 Debug: Notice (8): Undefined index: Photo in [C:\xampp\htdocs\FacepalmRoulette\myapp\views\photos\next.ctp, line 7]
2011-04-25 21:08:43 Debug: Notice (8): Undefined index: Photo in [C:\xampp\htdocs\FacepalmRoulette\myapp\views\photos\next.ctp, line 12]
2011-04-25 21:08:43 Debug: Notice (8): Undefined index: Photo in [C:\xampp\htdocs\FacepalmRoulette\myapp\views\photos\next.ctp, line 17]
2011-04-25 21:08:43 Debug: Notice (8): Undefined index: Photo in [C:\xampp\htdocs\FacepalmRoulette\myapp\views\photos\next.ctp, line 7]
2011-04-25 21:08:43 Debug: Notice (8): Undefined index: Photo in [C:\xampp\htdocs\FacepalmRoulette\myapp\views\photos\next.ctp, line 12]
2011-04-25 21:08:43 Debug: Notice (8): Undefined index: Photo in [C:\xampp\htdocs\FacepalmRoulette\myapp\views\photos\next.ctp, line 17]
2011-04-25 21:08:43 Debug: Notice (8): Undefined index: Photo in [C:\xampp\htdocs\FacepalmRoulette\myapp\views\photos\next.ctp, line 7]
2011-04-25 21:08:43 Debug: Notice (8): Undefined index: Photo in [C:\xampp\htdocs\FacepalmRoulette\myapp\views\photos\next.ctp, line 12]
2011-04-25 21:08:43 Debug: Notice (8): Undefined index: Photo in [C:\xampp\htdocs\FacepalmRoulette\myapp\views\photos\next.ctp, line 17]
2011-04-25 21:11:15 Debug: Notice (8): Undefined variable: count in [C:\xampp\htdocs\FacepalmRoulette\myapp\controllers\photos_controller.php, line 14]
2011-04-25 21:11:15 Debug: Notice (8): Undefined index: Photo in [C:\xampp\htdocs\FacepalmRoulette\myapp\views\photos\next.ctp, line 7]
2011-04-25 21:11:15 Debug: Notice (8): Undefined index: Photo in [C:\xampp\htdocs\FacepalmRoulette\myapp\views\photos\next.ctp, line 12]
2011-04-25 21:11:15 Debug: Notice (8): Undefined index: Photo in [C:\xampp\htdocs\FacepalmRoulette\myapp\views\photos\next.ctp, line 17]
2011-04-25 21:11:16 Debug: Notice (8): Undefined variable: count in [C:\xampp\htdocs\FacepalmRoulette\myapp\controllers\photos_controller.php, line 14]
2011-04-25 21:11:16 Debug: Notice (8): Undefined index: Photo in [C:\xampp\htdocs\FacepalmRoulette\myapp\views\photos\next.ctp, line 7]
2011-04-25 21:11:16 Debug: Notice (8): Undefined index: Photo in [C:\xampp\htdocs\FacepalmRoulette\myapp\views\photos\next.ctp, line 12]
2011-04-25 21:11:16 Debug: Notice (8): Undefined index: Photo in [C:\xampp\htdocs\FacepalmRoulette\myapp\views\photos\next.ctp, line 17]
2011-04-25 21:13:22 Debug: Notice (8): Undefined index: Photo in [C:\xampp\htdocs\FacepalmRoulette\myapp\views\photos\next.ctp, line 7]
2011-04-25 21:13:22 Debug: Notice (8): Undefined index: Photo in [C:\xampp\htdocs\FacepalmRoulette\myapp\views\photos\next.ctp, line 12]
2011-04-25 21:13:22 Debug: Notice (8): Undefined index: Photo in [C:\xampp\htdocs\FacepalmRoulette\myapp\views\photos\next.ctp, line 17]
2011-04-25 21:13:23 Debug: Notice (8): Undefined index: Photo in [C:\xampp\htdocs\FacepalmRoulette\myapp\views\photos\next.ctp, line 7]
2011-04-25 21:13:23 Debug: Notice (8): Undefined index: Photo in [C:\xampp\htdocs\FacepalmRoulette\myapp\views\photos\next.ctp, line 12]
2011-04-25 21:13:23 Debug: Notice (8): Undefined index: Photo in [C:\xampp\htdocs\FacepalmRoulette\myapp\views\photos\next.ctp, line 17]
2011-04-25 21:13:24 Debug: Notice (8): Undefined index: Photo in [C:\xampp\htdocs\FacepalmRoulette\myapp\views\photos\next.ctp, line 7]
2011-04-25 21:13:24 Debug: Notice (8): Undefined index: Photo in [C:\xampp\htdocs\FacepalmRoulette\myapp\views\photos\next.ctp, line 12]
2011-04-25 21:13:24 Debug: Notice (8): Undefined index: Photo in [C:\xampp\htdocs\FacepalmRoulette\myapp\views\photos\next.ctp, line 17]
2011-04-25 21:13:24 Debug: Notice (8): Undefined index: Photo in [C:\xampp\htdocs\FacepalmRoulette\myapp\views\photos\next.ctp, line 7]
2011-04-25 21:13:24 Debug: Notice (8): Undefined index: Photo in [C:\xampp\htdocs\FacepalmRoulette\myapp\views\photos\next.ctp, line 12]
2011-04-25 21:13:24 Debug: Notice (8): Undefined index: Photo in [C:\xampp\htdocs\FacepalmRoulette\myapp\views\photos\next.ctp, line 17]
2011-04-25 21:13:25 Debug: Notice (8): Undefined index: Photo in [C:\xampp\htdocs\FacepalmRoulette\myapp\views\photos\next.ctp, line 7]
2011-04-25 21:13:25 Debug: Notice (8): Undefined index: Photo in [C:\xampp\htdocs\FacepalmRoulette\myapp\views\photos\next.ctp, line 12]
2011-04-25 21:13:25 Debug: Notice (8): Undefined index: Photo in [C:\xampp\htdocs\FacepalmRoulette\myapp\views\photos\next.ctp, line 17]
2011-04-25 21:13:25 Debug: Notice (8): Undefined index: Photo in [C:\xampp\htdocs\FacepalmRoulette\myapp\views\photos\next.ctp, line 7]
2011-04-25 21:13:25 Debug: Notice (8): Undefined index: Photo in [C:\xampp\htdocs\FacepalmRoulette\myapp\views\photos\next.ctp, line 12]
2011-04-25 21:13:25 Debug: Notice (8): Undefined index: Photo in [C:\xampp\htdocs\FacepalmRoulette\myapp\views\photos\next.ctp, line 17]
2011-04-25 21:13:25 Debug: Notice (8): Undefined index: Photo in [C:\xampp\htdocs\FacepalmRoulette\myapp\views\photos\next.ctp, line 7]
2011-04-25 21:13:25 Debug: Notice (8): Undefined index: Photo in [C:\xampp\htdocs\FacepalmRoulette\myapp\views\photos\next.ctp, line 12]
2011-04-25 21:13:25 Debug: Notice (8): Undefined index: Photo in [C:\xampp\htdocs\FacepalmRoulette\myapp\views\photos\next.ctp, line 17]
2011-04-25 21:13:25 Debug: Notice (8): Undefined index: Photo in [C:\xampp\htdocs\FacepalmRoulette\myapp\views\photos\next.ctp, line 7]
2011-04-25 21:13:25 Debug: Notice (8): Undefined index: Photo in [C:\xampp\htdocs\FacepalmRoulette\myapp\views\photos\next.ctp, line 12]
2011-04-25 21:13:25 Debug: Notice (8): Undefined index: Photo in [C:\xampp\htdocs\FacepalmRoulette\myapp\views\photos\next.ctp, line 17]
2011-04-25 21:13:26 Debug: Notice (8): Undefined index: Photo in [C:\xampp\htdocs\FacepalmRoulette\myapp\views\photos\next.ctp, line 7]
2011-04-25 21:13:26 Debug: Notice (8): Undefined index: Photo in [C:\xampp\htdocs\FacepalmRoulette\myapp\views\photos\next.ctp, line 12]
2011-04-25 21:13:26 Debug: Notice (8): Undefined index: Photo in [C:\xampp\htdocs\FacepalmRoulette\myapp\views\photos\next.ctp, line 17]
2011-04-25 21:13:26 Debug: Notice (8): Undefined index: Photo in [C:\xampp\htdocs\FacepalmRoulette\myapp\views\photos\next.ctp, line 7]
2011-04-25 21:13:26 Debug: Notice (8): Undefined index: Photo in [C:\xampp\htdocs\FacepalmRoulette\myapp\views\photos\next.ctp, line 12]
2011-04-25 21:13:26 Debug: Notice (8): Undefined index: Photo in [C:\xampp\htdocs\FacepalmRoulette\myapp\views\photos\next.ctp, line 17]
2011-04-25 21:13:27 Debug: Notice (8): Undefined index: Photo in [C:\xampp\htdocs\FacepalmRoulette\myapp\views\photos\next.ctp, line 7]
2011-04-25 21:13:27 Debug: Notice (8): Undefined index: Photo in [C:\xampp\htdocs\FacepalmRoulette\myapp\views\photos\next.ctp, line 12]
2011-04-25 21:13:27 Debug: Notice (8): Undefined index: Photo in [C:\xampp\htdocs\FacepalmRoulette\myapp\views\photos\next.ctp, line 17]
2011-04-25 21:13:27 Debug: Notice (8): Undefined index: Photo in [C:\xampp\htdocs\FacepalmRoulette\myapp\views\photos\next.ctp, line 7]
2011-04-25 21:13:27 Debug: Notice (8): Undefined index: Photo in [C:\xampp\htdocs\FacepalmRoulette\myapp\views\photos\next.ctp, line 12]
2011-04-25 21:13:27 Debug: Notice (8): Undefined index: Photo in [C:\xampp\htdocs\FacepalmRoulette\myapp\views\photos\next.ctp, line 17]
2011-04-25 21:13:27 Debug: Notice (8): Undefined index: Photo in [C:\xampp\htdocs\FacepalmRoulette\myapp\views\photos\next.ctp, line 7]
2011-04-25 21:13:27 Debug: Notice (8): Undefined index: Photo in [C:\xampp\htdocs\FacepalmRoulette\myapp\views\photos\next.ctp, line 12]
2011-04-25 21:13:27 Debug: Notice (8): Undefined index: Photo in [C:\xampp\htdocs\FacepalmRoulette\myapp\views\photos\next.ctp, line 17]
2011-04-25 21:13:27 Debug: Notice (8): Undefined index: Photo in [C:\xampp\htdocs\FacepalmRoulette\myapp\views\photos\next.ctp, line 7]
2011-04-25 21:13:27 Debug: Notice (8): Undefined index: Photo in [C:\xampp\htdocs\FacepalmRoulette\myapp\views\photos\next.ctp, line 12]
2011-04-25 21:13:27 Debug: Notice (8): Undefined index: Photo in [C:\xampp\htdocs\FacepalmRoulette\myapp\views\photos\next.ctp, line 17]
2011-04-25 21:13:28 Debug: Notice (8): Undefined index: Photo in [C:\xampp\htdocs\FacepalmRoulette\myapp\views\photos\next.ctp, line 7]
2011-04-25 21:13:28 Debug: Notice (8): Undefined index: Photo in [C:\xampp\htdocs\FacepalmRoulette\myapp\views\photos\next.ctp, line 12]
2011-04-25 21:13:28 Debug: Notice (8): Undefined index: Photo in [C:\xampp\htdocs\FacepalmRoulette\myapp\views\photos\next.ctp, line 17]
2011-04-25 21:13:28 Debug: Notice (8): Undefined index: Photo in [C:\xampp\htdocs\FacepalmRoulette\myapp\views\photos\next.ctp, line 7]
2011-04-25 21:13:28 Debug: Notice (8): Undefined index: Photo in [C:\xampp\htdocs\FacepalmRoulette\myapp\views\photos\next.ctp, line 12]
2011-04-25 21:13:28 Debug: Notice (8): Undefined index: Photo in [C:\xampp\htdocs\FacepalmRoulette\myapp\views\photos\next.ctp, line 17]
2011-04-25 21:13:28 Debug: Notice (8): Undefined index: Photo in [C:\xampp\htdocs\FacepalmRoulette\myapp\views\photos\next.ctp, line 7]
2011-04-25 21:13:28 Debug: Notice (8): Undefined index: Photo in [C:\xampp\htdocs\FacepalmRoulette\myapp\views\photos\next.ctp, line 12]
2011-04-25 21:13:28 Debug: Notice (8): Undefined index: Photo in [C:\xampp\htdocs\FacepalmRoulette\myapp\views\photos\next.ctp, line 17]
2011-04-25 21:13:29 Debug: Notice (8): Undefined index: Photo in [C:\xampp\htdocs\FacepalmRoulette\myapp\views\photos\next.ctp, line 7]
2011-04-25 21:13:29 Debug: Notice (8): Undefined index: Photo in [C:\xampp\htdocs\FacepalmRoulette\myapp\views\photos\next.ctp, line 12]
2011-04-25 21:13:29 Debug: Notice (8): Undefined index: Photo in [C:\xampp\htdocs\FacepalmRoulette\myapp\views\photos\next.ctp, line 17]
2011-04-25 21:13:29 Debug: Notice (8): Undefined index: Photo in [C:\xampp\htdocs\FacepalmRoulette\myapp\views\photos\next.ctp, line 7]
2011-04-25 21:13:29 Debug: Notice (8): Undefined index: Photo in [C:\xampp\htdocs\FacepalmRoulette\myapp\views\photos\next.ctp, line 12]
2011-04-25 21:13:29 Debug: Notice (8): Undefined index: Photo in [C:\xampp\htdocs\FacepalmRoulette\myapp\views\photos\next.ctp, line 17]
2011-04-25 21:13:29 Debug: Notice (8): Undefined index: Photo in [C:\xampp\htdocs\FacepalmRoulette\myapp\views\photos\next.ctp, line 7]
2011-04-25 21:13:29 Debug: Notice (8): Undefined index: Photo in [C:\xampp\htdocs\FacepalmRoulette\myapp\views\photos\next.ctp, line 12]
2011-04-25 21:13:29 Debug: Notice (8): Undefined index: Photo in [C:\xampp\htdocs\FacepalmRoulette\myapp\views\photos\next.ctp, line 17]
2011-04-25 21:13:29 Debug: Notice (8): Undefined index: Photo in [C:\xampp\htdocs\FacepalmRoulette\myapp\views\photos\next.ctp, line 7]
2011-04-25 21:13:29 Debug: Notice (8): Undefined index: Photo in [C:\xampp\htdocs\FacepalmRoulette\myapp\views\photos\next.ctp, line 12]
2011-04-25 21:13:29 Debug: Notice (8): Undefined index: Photo in [C:\xampp\htdocs\FacepalmRoulette\myapp\views\photos\next.ctp, line 17]
2011-04-25 21:13:29 Debug: Notice (8): Undefined index: Photo in [C:\xampp\htdocs\FacepalmRoulette\myapp\views\photos\next.ctp, line 7]
2011-04-25 21:13:29 Debug: Notice (8): Undefined index: Photo in [C:\xampp\htdocs\FacepalmRoulette\myapp\views\photos\next.ctp, line 12]
2011-04-25 21:13:29 Debug: Notice (8): Undefined index: Photo in [C:\xampp\htdocs\FacepalmRoulette\myapp\views\photos\next.ctp, line 17]
2011-04-25 21:13:30 Debug: Notice (8): Undefined index: Photo in [C:\xampp\htdocs\FacepalmRoulette\myapp\views\photos\next.ctp, line 7]
2011-04-25 21:13:30 Debug: Notice (8): Undefined index: Photo in [C:\xampp\htdocs\FacepalmRoulette\myapp\views\photos\next.ctp, line 12]
2011-04-25 21:13:30 Debug: Notice (8): Undefined index: Photo in [C:\xampp\htdocs\FacepalmRoulette\myapp\views\photos\next.ctp, line 17]
2011-04-25 21:13:30 Debug: Notice (8): Undefined index: Photo in [C:\xampp\htdocs\FacepalmRoulette\myapp\views\photos\next.ctp, line 7]
2011-04-25 21:13:30 Debug: Notice (8): Undefined index: Photo in [C:\xampp\htdocs\FacepalmRoulette\myapp\views\photos\next.ctp, line 12]
2011-04-25 21:13:30 Debug: Notice (8): Undefined index: Photo in [C:\xampp\htdocs\FacepalmRoulette\myapp\views\photos\next.ctp, line 17]
2011-04-25 21:13:30 Debug: Notice (8): Undefined index: Photo in [C:\xampp\htdocs\FacepalmRoulette\myapp\views\photos\next.ctp, line 7]
2011-04-25 21:13:30 Debug: Notice (8): Undefined index: Photo in [C:\xampp\htdocs\FacepalmRoulette\myapp\views\photos\next.ctp, line 12]
2011-04-25 21:13:30 Debug: Notice (8): Undefined index: Photo in [C:\xampp\htdocs\FacepalmRoulette\myapp\views\photos\next.ctp, line 17]
2011-04-25 21:13:30 Debug: Notice (8): Undefined index: Photo in [C:\xampp\htdocs\FacepalmRoulette\myapp\views\photos\next.ctp, line 7]
2011-04-25 21:13:30 Debug: Notice (8): Undefined index: Photo in [C:\xampp\htdocs\FacepalmRoulette\myapp\views\photos\next.ctp, line 12]
2011-04-25 21:13:30 Debug: Notice (8): Undefined index: Photo in [C:\xampp\htdocs\FacepalmRoulette\myapp\views\photos\next.ctp, line 17]
2011-04-25 21:13:30 Debug: Notice (8): Undefined index: Photo in [C:\xampp\htdocs\FacepalmRoulette\myapp\views\photos\next.ctp, line 7]
2011-04-25 21:13:30 Debug: Notice (8): Undefined index: Photo in [C:\xampp\htdocs\FacepalmRoulette\myapp\views\photos\next.ctp, line 12]
2011-04-25 21:13:30 Debug: Notice (8): Undefined index: Photo in [C:\xampp\htdocs\FacepalmRoulette\myapp\views\photos\next.ctp, line 17]
2011-04-25 21:13:31 Debug: Notice (8): Undefined index: Photo in [C:\xampp\htdocs\FacepalmRoulette\myapp\views\photos\next.ctp, line 7]
2011-04-25 21:13:31 Debug: Notice (8): Undefined index: Photo in [C:\xampp\htdocs\FacepalmRoulette\myapp\views\photos\next.ctp, line 12]
2011-04-25 21:13:31 Debug: Notice (8): Undefined index: Photo in [C:\xampp\htdocs\FacepalmRoulette\myapp\views\photos\next.ctp, line 17]
2011-04-25 21:13:31 Debug: Notice (8): Undefined index: Photo in [C:\xampp\htdocs\FacepalmRoulette\myapp\views\photos\next.ctp, line 7]
2011-04-25 21:13:31 Debug: Notice (8): Undefined index: Photo in [C:\xampp\htdocs\FacepalmRoulette\myapp\views\photos\next.ctp, line 12]
2011-04-25 21:13:31 Debug: Notice (8): Undefined index: Photo in [C:\xampp\htdocs\FacepalmRoulette\myapp\views\photos\next.ctp, line 17]
2011-04-25 21:13:32 Debug: Notice (8): Undefined index: Photo in [C:\xampp\htdocs\FacepalmRoulette\myapp\views\photos\next.ctp, line 7]
2011-04-25 21:13:32 Debug: Notice (8): Undefined index: Photo in [C:\xampp\htdocs\FacepalmRoulette\myapp\views\photos\next.ctp, line 12]
2011-04-25 21:13:32 Debug: Notice (8): Undefined index: Photo in [C:\xampp\htdocs\FacepalmRoulette\myapp\views\photos\next.ctp, line 17]
2011-04-25 21:13:33 Debug: Notice (8): Undefined index: Photo in [C:\xampp\htdocs\FacepalmRoulette\myapp\views\photos\next.ctp, line 7]
2011-04-25 21:13:33 Debug: Notice (8): Undefined index: Photo in [C:\xampp\htdocs\FacepalmRoulette\myapp\views\photos\next.ctp, line 12]
2011-04-25 21:13:33 Debug: Notice (8): Undefined index: Photo in [C:\xampp\htdocs\FacepalmRoulette\myapp\views\photos\next.ctp, line 17]
2011-04-25 21:13:33 Debug: Notice (8): Undefined index: Photo in [C:\xampp\htdocs\FacepalmRoulette\myapp\views\photos\next.ctp, line 7]
2011-04-25 21:13:33 Debug: Notice (8): Undefined index: Photo in [C:\xampp\htdocs\FacepalmRoulette\myapp\views\photos\next.ctp, line 12]
2011-04-25 21:13:33 Debug: Notice (8): Undefined index: Photo in [C:\xampp\htdocs\FacepalmRoulette\myapp\views\photos\next.ctp, line 17]
2011-04-25 21:13:33 Debug: Notice (8): Undefined index: Photo in [C:\xampp\htdocs\FacepalmRoulette\myapp\views\photos\next.ctp, line 7]
2011-04-25 21:13:33 Debug: Notice (8): Undefined index: Photo in [C:\xampp\htdocs\FacepalmRoulette\myapp\views\photos\next.ctp, line 12]
2011-04-25 21:13:33 Debug: Notice (8): Undefined index: Photo in [C:\xampp\htdocs\FacepalmRoulette\myapp\views\photos\next.ctp, line 17]
2011-04-25 21:13:34 Debug: Notice (8): Undefined index: Photo in [C:\xampp\htdocs\FacepalmRoulette\myapp\views\photos\next.ctp, line 7]
2011-04-25 21:13:34 Debug: Notice (8): Undefined index: Photo in [C:\xampp\htdocs\FacepalmRoulette\myapp\views\photos\next.ctp, line 12]
2011-04-25 21:13:34 Debug: Notice (8): Undefined index: Photo in [C:\xampp\htdocs\FacepalmRoulette\myapp\views\photos\next.ctp, line 17]
2011-04-25 21:13:34 Debug: Notice (8): Undefined index: Photo in [C:\xampp\htdocs\FacepalmRoulette\myapp\views\photos\next.ctp, line 7]
2011-04-25 21:13:34 Debug: Notice (8): Undefined index: Photo in [C:\xampp\htdocs\FacepalmRoulette\myapp\views\photos\next.ctp, line 12]
2011-04-25 21:13:34 Debug: Notice (8): Undefined index: Photo in [C:\xampp\htdocs\FacepalmRoulette\myapp\views\photos\next.ctp, line 17]
2011-04-25 21:13:35 Debug: Notice (8): Undefined index: Photo in [C:\xampp\htdocs\FacepalmRoulette\myapp\views\photos\next.ctp, line 7]
2011-04-25 21:13:35 Debug: Notice (8): Undefined index: Photo in [C:\xampp\htdocs\FacepalmRoulette\myapp\views\photos\next.ctp, line 12]
2011-04-25 21:13:35 Debug: Notice (8): Undefined index: Photo in [C:\xampp\htdocs\FacepalmRoulette\myapp\views\photos\next.ctp, line 17]
2011-04-25 21:13:35 Debug: Notice (8): Undefined index: Photo in [C:\xampp\htdocs\FacepalmRoulette\myapp\views\photos\next.ctp, line 7]
2011-04-25 21:13:35 Debug: Notice (8): Undefined index: Photo in [C:\xampp\htdocs\FacepalmRoulette\myapp\views\photos\next.ctp, line 12]
2011-04-25 21:13:35 Debug: Notice (8): Undefined index: Photo in [C:\xampp\htdocs\FacepalmRoulette\myapp\views\photos\next.ctp, line 17]
2011-04-25 21:13:36 Debug: Notice (8): Undefined index: Photo in [C:\xampp\htdocs\FacepalmRoulette\myapp\views\photos\next.ctp, line 7]
2011-04-25 21:13:36 Debug: Notice (8): Undefined index: Photo in [C:\xampp\htdocs\FacepalmRoulette\myapp\views\photos\next.ctp, line 12]
2011-04-25 21:13:36 Debug: Notice (8): Undefined index: Photo in [C:\xampp\htdocs\FacepalmRoulette\myapp\views\photos\next.ctp, line 17]
2011-04-25 21:13:37 Debug: Notice (8): Undefined index: Photo in [C:\xampp\htdocs\FacepalmRoulette\myapp\views\photos\next.ctp, line 7]
2011-04-25 21:13:37 Debug: Notice (8): Undefined index: Photo in [C:\xampp\htdocs\FacepalmRoulette\myapp\views\photos\next.ctp, line 12]
2011-04-25 21:13:37 Debug: Notice (8): Undefined index: Photo in [C:\xampp\htdocs\FacepalmRoulette\myapp\views\photos\next.ctp, line 17]
2011-04-25 21:13:37 Debug: Notice (8): Undefined index: Photo in [C:\xampp\htdocs\FacepalmRoulette\myapp\views\photos\next.ctp, line 7]
2011-04-25 21:13:37 Debug: Notice (8): Undefined index: Photo in [C:\xampp\htdocs\FacepalmRoulette\myapp\views\photos\next.ctp, line 12]
2011-04-25 21:13:37 Debug: Notice (8): Undefined index: Photo in [C:\xampp\htdocs\FacepalmRoulette\myapp\views\photos\next.ctp, line 17]
2011-04-25 21:13:38 Debug: Notice (8): Undefined index: Photo in [C:\xampp\htdocs\FacepalmRoulette\myapp\views\photos\next.ctp, line 7]
2011-04-25 21:13:38 Debug: Notice (8): Undefined index: Photo in [C:\xampp\htdocs\FacepalmRoulette\myapp\views\photos\next.ctp, line 12]
2011-04-25 21:13:38 Debug: Notice (8): Undefined index: Photo in [C:\xampp\htdocs\FacepalmRoulette\myapp\views\photos\next.ctp, line 17]
2011-04-25 21:13:38 Debug: Notice (8): Undefined index: Photo in [C:\xampp\htdocs\FacepalmRoulette\myapp\views\photos\next.ctp, line 7]
2011-04-25 21:13:38 Debug: Notice (8): Undefined index: Photo in [C:\xampp\htdocs\FacepalmRoulette\myapp\views\photos\next.ctp, line 12]
2011-04-25 21:13:38 Debug: Notice (8): Undefined index: Photo in [C:\xampp\htdocs\FacepalmRoulette\myapp\views\photos\next.ctp, line 17]
2011-04-25 21:13:39 Debug: Notice (8): Undefined index: Photo in [C:\xampp\htdocs\FacepalmRoulette\myapp\views\photos\next.ctp, line 7]
2011-04-25 21:13:39 Debug: Notice (8): Undefined index: Photo in [C:\xampp\htdocs\FacepalmRoulette\myapp\views\photos\next.ctp, line 12]
2011-04-25 21:13:39 Debug: Notice (8): Undefined index: Photo in [C:\xampp\htdocs\FacepalmRoulette\myapp\views\photos\next.ctp, line 17]
2011-04-25 21:13:39 Debug: Notice (8): Undefined index: Photo in [C:\xampp\htdocs\FacepalmRoulette\myapp\views\photos\next.ctp, line 7]
2011-04-25 21:13:39 Debug: Notice (8): Undefined index: Photo in [C:\xampp\htdocs\FacepalmRoulette\myapp\views\photos\next.ctp, line 12]
2011-04-25 21:13:39 Debug: Notice (8): Undefined index: Photo in [C:\xampp\htdocs\FacepalmRoulette\myapp\views\photos\next.ctp, line 17]
2011-04-25 21:14:03 Debug: Notice (8): Undefined index: Photo in [C:\xampp\htdocs\FacepalmRoulette\myapp\views\photos\next.ctp, line 7]
2011-04-25 21:14:03 Debug: Notice (8): Undefined index: Photo in [C:\xampp\htdocs\FacepalmRoulette\myapp\views\photos\next.ctp, line 12]
2011-04-25 21:14:03 Debug: Notice (8): Undefined index: Photo in [C:\xampp\htdocs\FacepalmRoulette\myapp\views\photos\next.ctp, line 17]
2011-04-25 21:15:38 Debug: Notice (8): Undefined index: Photo in [C:\xampp\htdocs\FacepalmRoulette\myapp\views\photos\next.ctp, line 7]
2011-04-25 21:15:38 Debug: Notice (8): Undefined index: Photo in [C:\xampp\htdocs\FacepalmRoulette\myapp\views\photos\next.ctp, line 12]
2011-04-25 21:15:38 Debug: Notice (8): Undefined index: Photo in [C:\xampp\htdocs\FacepalmRoulette\myapp\views\photos\next.ctp, line 17]
2011-04-25 21:15:39 Debug: Notice (8): Undefined index: Photo in [C:\xampp\htdocs\FacepalmRoulette\myapp\views\photos\next.ctp, line 7]
2011-04-25 21:15:39 Debug: Notice (8): Undefined index: Photo in [C:\xampp\htdocs\FacepalmRoulette\myapp\views\photos\next.ctp, line 12]
2011-04-25 21:15:39 Debug: Notice (8): Undefined index: Photo in [C:\xampp\htdocs\FacepalmRoulette\myapp\views\photos\next.ctp, line 17]
2011-04-25 21:15:44 Debug: Notice (8): Use of undefined constant count - assumed 'count' in [C:\xampp\htdocs\FacepalmRoulette\myapp\views\photos\next.ctp, line 1]
2011-04-25 21:15:44 Debug: Notice (8): Undefined index: Photo in [C:\xampp\htdocs\FacepalmRoulette\myapp\views\photos\next.ctp, line 7]
2011-04-25 21:15:44 Debug: Notice (8): Undefined index: Photo in [C:\xampp\htdocs\FacepalmRoulette\myapp\views\photos\next.ctp, line 12]
2011-04-25 21:15:44 Debug: Notice (8): Undefined index: Photo in [C:\xampp\htdocs\FacepalmRoulette\myapp\views\photos\next.ctp, line 17]
2011-04-25 21:15:47 Debug: Notice (8): Undefined variable: count in [C:\xampp\htdocs\FacepalmRoulette\myapp\views\photos\next.ctp, line 1]
2011-04-25 21:15:47 Debug: Notice (8): Undefined index: Photo in [C:\xampp\htdocs\FacepalmRoulette\myapp\views\photos\next.ctp, line 7]
2011-04-25 21:15:47 Debug: Notice (8): Undefined index: Photo in [C:\xampp\htdocs\FacepalmRoulette\myapp\views\photos\next.ctp, line 12]
2011-04-25 21:15:47 Debug: Notice (8): Undefined index: Photo in [C:\xampp\htdocs\FacepalmRoulette\myapp\views\photos\next.ctp, line 17]
2011-04-25 21:15:48 Debug: Notice (8): Undefined variable: count in [C:\xampp\htdocs\FacepalmRoulette\myapp\views\photos\next.ctp, line 1]
2011-04-25 21:15:48 Debug: Notice (8): Undefined index: Photo in [C:\xampp\htdocs\FacepalmRoulette\myapp\views\photos\next.ctp, line 7]
2011-04-25 21:15:48 Debug: Notice (8): Undefined index: Photo in [C:\xampp\htdocs\FacepalmRoulette\myapp\views\photos\next.ctp, line 12]
2011-04-25 21:15:48 Debug: Notice (8): Undefined index: Photo in [C:\xampp\htdocs\FacepalmRoulette\myapp\views\photos\next.ctp, line 17]
2011-04-25 21:15:57 Debug: Notice (8): Undefined index: Photo in [C:\xampp\htdocs\FacepalmRoulette\myapp\views\photos\next.ctp, line 7]
2011-04-25 21:15:57 Debug: Notice (8): Undefined index: Photo in [C:\xampp\htdocs\FacepalmRoulette\myapp\views\photos\next.ctp, line 12]
2011-04-25 21:15:57 Debug: Notice (8): Undefined index: Photo in [C:\xampp\htdocs\FacepalmRoulette\myapp\views\photos\next.ctp, line 17]
2011-04-25 21:16:46 Debug: Notice (8): Undefined variable: count in [C:\xampp\htdocs\FacepalmRoulette\myapp\views\photos\next.ctp, line 1]
2011-04-25 21:16:46 Debug: Notice (8): Undefined index: Photo in [C:\xampp\htdocs\FacepalmRoulette\myapp\views\photos\next.ctp, line 7]
2011-04-25 21:16:46 Debug: Notice (8): Undefined index: Photo in [C:\xampp\htdocs\FacepalmRoulette\myapp\views\photos\next.ctp, line 12]
2011-04-25 21:16:46 Debug: Notice (8): Undefined index: Photo in [C:\xampp\htdocs\FacepalmRoulette\myapp\views\photos\next.ctp, line 17]
2011-04-25 21:16:47 Debug: Notice (8): Undefined variable: count in [C:\xampp\htdocs\FacepalmRoulette\myapp\views\photos\next.ctp, line 1]
2011-04-25 21:16:47 Debug: Notice (8): Undefined index: Photo in [C:\xampp\htdocs\FacepalmRoulette\myapp\views\photos\next.ctp, line 7]
2011-04-25 21:16:47 Debug: Notice (8): Undefined index: Photo in [C:\xampp\htdocs\FacepalmRoulette\myapp\views\photos\next.ctp, line 12]
2011-04-25 21:16:47 Debug: Notice (8): Undefined index: Photo in [C:\xampp\htdocs\FacepalmRoulette\myapp\views\photos\next.ctp, line 17]
2011-04-25 21:16:48 Debug: Notice (8): Undefined variable: count in [C:\xampp\htdocs\FacepalmRoulette\myapp\views\photos\next.ctp, line 1]
2011-04-25 21:16:48 Debug: Notice (8): Undefined index: Photo in [C:\xampp\htdocs\FacepalmRoulette\myapp\views\photos\next.ctp, line 7]
2011-04-25 21:16:48 Debug: Notice (8): Undefined index: Photo in [C:\xampp\htdocs\FacepalmRoulette\myapp\views\photos\next.ctp, line 12]
2011-04-25 21:16:48 Debug: Notice (8): Undefined index: Photo in [C:\xampp\htdocs\FacepalmRoulette\myapp\views\photos\next.ctp, line 17]
2011-04-25 21:16:51 Debug: Notice (8): Use of undefined constant count - assumed 'count' in [C:\xampp\htdocs\FacepalmRoulette\myapp\views\photos\next.ctp, line 1]
2011-04-25 21:16:51 Debug: Notice (8): Undefined index: Photo in [C:\xampp\htdocs\FacepalmRoulette\myapp\views\photos\next.ctp, line 7]
2011-04-25 21:16:51 Debug: Notice (8): Undefined index: Photo in [C:\xampp\htdocs\FacepalmRoulette\myapp\views\photos\next.ctp, line 12]
2011-04-25 21:16:51 Debug: Notice (8): Undefined index: Photo in [C:\xampp\htdocs\FacepalmRoulette\myapp\views\photos\next.ctp, line 17]
2011-04-25 21:16:53 Debug: Notice (8): Use of undefined constant count - assumed 'count' in [C:\xampp\htdocs\FacepalmRoulette\myapp\views\photos\next.ctp, line 1]
2011-04-25 21:16:53 Debug: Notice (8): Undefined index: Photo in [C:\xampp\htdocs\FacepalmRoulette\myapp\views\photos\next.ctp, line 7]
2011-04-25 21:16:53 Debug: Notice (8): Undefined index: Photo in [C:\xampp\htdocs\FacepalmRoulette\myapp\views\photos\next.ctp, line 12]
2011-04-25 21:16:53 Debug: Notice (8): Undefined index: Photo in [C:\xampp\htdocs\FacepalmRoulette\myapp\views\photos\next.ctp, line 17]
2011-04-25 21:16:55 Debug: Notice (8): Undefined variable: count in [C:\xampp\htdocs\FacepalmRoulette\myapp\views\photos\next.ctp, line 1]
2011-04-25 21:16:55 Debug: Notice (8): Undefined index: Photo in [C:\xampp\htdocs\FacepalmRoulette\myapp\views\photos\next.ctp, line 7]
2011-04-25 21:16:55 Debug: Notice (8): Undefined index: Photo in [C:\xampp\htdocs\FacepalmRoulette\myapp\views\photos\next.ctp, line 12]
2011-04-25 21:16:55 Debug: Notice (8): Undefined index: Photo in [C:\xampp\htdocs\FacepalmRoulette\myapp\views\photos\next.ctp, line 17]
2011-04-25 21:17:13 Debug: Notice (8): Undefined index: Photo in [C:\xampp\htdocs\FacepalmRoulette\myapp\views\photos\next.ctp, line 7]
2011-04-25 21:17:13 Debug: Notice (8): Undefined index: Photo in [C:\xampp\htdocs\FacepalmRoulette\myapp\views\photos\next.ctp, line 12]
2011-04-25 21:17:13 Debug: Notice (8): Undefined index: Photo in [C:\xampp\htdocs\FacepalmRoulette\myapp\views\photos\next.ctp, line 17]
2011-04-25 21:18:11 Debug: Notice (8): Undefined index: Photo in [C:\xampp\htdocs\FacepalmRoulette\myapp\views\photos\next.ctp, line 7]
2011-04-25 21:18:11 Debug: Notice (8): Undefined index: Photo in [C:\xampp\htdocs\FacepalmRoulette\myapp\views\photos\next.ctp, line 12]
2011-04-25 21:18:11 Debug: Notice (8): Undefined index: Photo in [C:\xampp\htdocs\FacepalmRoulette\myapp\views\photos\next.ctp, line 17]
2011-04-25 21:18:12 Debug: Notice (8): Undefined index: Photo in [C:\xampp\htdocs\FacepalmRoulette\myapp\views\photos\next.ctp, line 7]
2011-04-25 21:18:12 Debug: Notice (8): Undefined index: Photo in [C:\xampp\htdocs\FacepalmRoulette\myapp\views\photos\next.ctp, line 12]
2011-04-25 21:18:12 Debug: Notice (8): Undefined index: Photo in [C:\xampp\htdocs\FacepalmRoulette\myapp\views\photos\next.ctp, line 17]
2011-04-25 21:18:13 Debug: Notice (8): Undefined index: Photo in [C:\xampp\htdocs\FacepalmRoulette\myapp\views\photos\next.ctp, line 7]
2011-04-25 21:18:13 Debug: Notice (8): Undefined index: Photo in [C:\xampp\htdocs\FacepalmRoulette\myapp\views\photos\next.ctp, line 12]
2011-04-25 21:18:13 Debug: Notice (8): Undefined index: Photo in [C:\xampp\htdocs\FacepalmRoulette\myapp\views\photos\next.ctp, line 17]
2011-04-25 21:18:13 Debug: Notice (8): Undefined index: Photo in [C:\xampp\htdocs\FacepalmRoulette\myapp\views\photos\next.ctp, line 7]
2011-04-25 21:18:13 Debug: Notice (8): Undefined index: Photo in [C:\xampp\htdocs\FacepalmRoulette\myapp\views\photos\next.ctp, line 12]
2011-04-25 21:18:13 Debug: Notice (8): Undefined index: Photo in [C:\xampp\htdocs\FacepalmRoulette\myapp\views\photos\next.ctp, line 17]
2011-04-25 21:18:14 Debug: Notice (8): Undefined index: Photo in [C:\xampp\htdocs\FacepalmRoulette\myapp\views\photos\next.ctp, line 7]
2011-04-25 21:18:14 Debug: Notice (8): Undefined index: Photo in [C:\xampp\htdocs\FacepalmRoulette\myapp\views\photos\next.ctp, line 12]
2011-04-25 21:18:14 Debug: Notice (8): Undefined index: Photo in [C:\xampp\htdocs\FacepalmRoulette\myapp\views\photos\next.ctp, line 17]
2011-04-25 21:18:14 Debug: Notice (8): Undefined index: Photo in [C:\xampp\htdocs\FacepalmRoulette\myapp\views\photos\next.ctp, line 7]
2011-04-25 21:18:14 Debug: Notice (8): Undefined index: Photo in [C:\xampp\htdocs\FacepalmRoulette\myapp\views\photos\next.ctp, line 12]
2011-04-25 21:18:14 Debug: Notice (8): Undefined index: Photo in [C:\xampp\htdocs\FacepalmRoulette\myapp\views\photos\next.ctp, line 17]
2011-04-25 21:18:15 Debug: Notice (8): Undefined index: Photo in [C:\xampp\htdocs\FacepalmRoulette\myapp\views\photos\next.ctp, line 7]
2011-04-25 21:18:15 Debug: Notice (8): Undefined index: Photo in [C:\xampp\htdocs\FacepalmRoulette\myapp\views\photos\next.ctp, line 12]
2011-04-25 21:18:15 Debug: Notice (8): Undefined index: Photo in [C:\xampp\htdocs\FacepalmRoulette\myapp\views\photos\next.ctp, line 17]
2011-04-25 21:18:16 Debug: Notice (8): Undefined index: Photo in [C:\xampp\htdocs\FacepalmRoulette\myapp\views\photos\next.ctp, line 7]
2011-04-25 21:18:16 Debug: Notice (8): Undefined index: Photo in [C:\xampp\htdocs\FacepalmRoulette\myapp\views\photos\next.ctp, line 12]
2011-04-25 21:18:16 Debug: Notice (8): Undefined index: Photo in [C:\xampp\htdocs\FacepalmRoulette\myapp\views\photos\next.ctp, line 17]
2011-04-25 21:18:16 Debug: Notice (8): Undefined index: Photo in [C:\xampp\htdocs\FacepalmRoulette\myapp\views\photos\next.ctp, line 7]
2011-04-25 21:18:16 Debug: Notice (8): Undefined index: Photo in [C:\xampp\htdocs\FacepalmRoulette\myapp\views\photos\next.ctp, line 12]
2011-04-25 21:18:16 Debug: Notice (8): Undefined index: Photo in [C:\xampp\htdocs\FacepalmRoulette\myapp\views\photos\next.ctp, line 17]
2011-04-25 21:18:17 Debug: Notice (8): Undefined index: Photo in [C:\xampp\htdocs\FacepalmRoulette\myapp\views\photos\next.ctp, line 7]
2011-04-25 21:18:17 Debug: Notice (8): Undefined index: Photo in [C:\xampp\htdocs\FacepalmRoulette\myapp\views\photos\next.ctp, line 12]
2011-04-25 21:18:17 Debug: Notice (8): Undefined index: Photo in [C:\xampp\htdocs\FacepalmRoulette\myapp\views\photos\next.ctp, line 17]
2011-04-25 21:18:17 Debug: Notice (8): Undefined index: Photo in [C:\xampp\htdocs\FacepalmRoulette\myapp\views\photos\next.ctp, line 7]
2011-04-25 21:18:17 Debug: Notice (8): Undefined index: Photo in [C:\xampp\htdocs\FacepalmRoulette\myapp\views\photos\next.ctp, line 12]
2011-04-25 21:18:17 Debug: Notice (8): Undefined index: Photo in [C:\xampp\htdocs\FacepalmRoulette\myapp\views\photos\next.ctp, line 17]
2011-04-25 21:18:18 Debug: Notice (8): Undefined index: Photo in [C:\xampp\htdocs\FacepalmRoulette\myapp\views\photos\next.ctp, line 7]
2011-04-25 21:18:18 Debug: Notice (8): Undefined index: Photo in [C:\xampp\htdocs\FacepalmRoulette\myapp\views\photos\next.ctp, line 12]
2011-04-25 21:18:18 Debug: Notice (8): Undefined index: Photo in [C:\xampp\htdocs\FacepalmRoulette\myapp\views\photos\next.ctp, line 17]
2011-04-25 21:18:18 Debug: Notice (8): Undefined index: Photo in [C:\xampp\htdocs\FacepalmRoulette\myapp\views\photos\next.ctp, line 7]
2011-04-25 21:18:18 Debug: Notice (8): Undefined index: Photo in [C:\xampp\htdocs\FacepalmRoulette\myapp\views\photos\next.ctp, line 12]
2011-04-25 21:18:18 Debug: Notice (8): Undefined index: Photo in [C:\xampp\htdocs\FacepalmRoulette\myapp\views\photos\next.ctp, line 17]
2011-04-25 21:19:43 Debug: Notice (8): Undefined index: Photo in [C:\xampp\htdocs\FacepalmRoulette\myapp\views\photos\next.ctp, line 7]
2011-04-25 21:19:43 Debug: Notice (8): Undefined index: Photo in [C:\xampp\htdocs\FacepalmRoulette\myapp\views\photos\next.ctp, line 12]
2011-04-25 21:19:43 Debug: Notice (8): Undefined index: Photo in [C:\xampp\htdocs\FacepalmRoulette\myapp\views\photos\next.ctp, line 17]
2011-04-25 21:19:44 Debug: Notice (8): Undefined index: Photo in [C:\xampp\htdocs\FacepalmRoulette\myapp\views\photos\next.ctp, line 7]
2011-04-25 21:19:44 Debug: Notice (8): Undefined index: Photo in [C:\xampp\htdocs\FacepalmRoulette\myapp\views\photos\next.ctp, line 12]
2011-04-25 21:19:44 Debug: Notice (8): Undefined index: Photo in [C:\xampp\htdocs\FacepalmRoulette\myapp\views\photos\next.ctp, line 17]
2011-04-25 21:19:45 Debug: Notice (8): Undefined index: Photo in [C:\xampp\htdocs\FacepalmRoulette\myapp\views\photos\next.ctp, line 7]
2011-04-25 21:19:45 Debug: Notice (8): Undefined index: Photo in [C:\xampp\htdocs\FacepalmRoulette\myapp\views\photos\next.ctp, line 12]
2011-04-25 21:19:45 Debug: Notice (8): Undefined index: Photo in [C:\xampp\htdocs\FacepalmRoulette\myapp\views\photos\next.ctp, line 17]
2011-04-25 21:19:45 Debug: Notice (8): Undefined index: Photo in [C:\xampp\htdocs\FacepalmRoulette\myapp\views\photos\next.ctp, line 7]
2011-04-25 21:19:45 Debug: Notice (8): Undefined index: Photo in [C:\xampp\htdocs\FacepalmRoulette\myapp\views\photos\next.ctp, line 12]
2011-04-25 21:19:45 Debug: Notice (8): Undefined index: Photo in [C:\xampp\htdocs\FacepalmRoulette\myapp\views\photos\next.ctp, line 17]
2011-04-25 21:19:46 Debug: Notice (8): Undefined index: Photo in [C:\xampp\htdocs\FacepalmRoulette\myapp\views\photos\next.ctp, line 7]
2011-04-25 21:19:46 Debug: Notice (8): Undefined index: Photo in [C:\xampp\htdocs\FacepalmRoulette\myapp\views\photos\next.ctp, line 12]
2011-04-25 21:19:46 Debug: Notice (8): Undefined index: Photo in [C:\xampp\htdocs\FacepalmRoulette\myapp\views\photos\next.ctp, line 17]
2011-04-25 21:19:46 Debug: Notice (8): Undefined index: Photo in [C:\xampp\htdocs\FacepalmRoulette\myapp\views\photos\next.ctp, line 7]
2011-04-25 21:19:46 Debug: Notice (8): Undefined index: Photo in [C:\xampp\htdocs\FacepalmRoulette\myapp\views\photos\next.ctp, line 12]
2011-04-25 21:19:46 Debug: Notice (8): Undefined index: Photo in [C:\xampp\htdocs\FacepalmRoulette\myapp\views\photos\next.ctp, line 17]
2011-04-25 21:19:47 Debug: Notice (8): Undefined index: Photo in [C:\xampp\htdocs\FacepalmRoulette\myapp\views\photos\next.ctp, line 7]
2011-04-25 21:19:47 Debug: Notice (8): Undefined index: Photo in [C:\xampp\htdocs\FacepalmRoulette\myapp\views\photos\next.ctp, line 12]
2011-04-25 21:19:47 Debug: Notice (8): Undefined index: Photo in [C:\xampp\htdocs\FacepalmRoulette\myapp\views\photos\next.ctp, line 17]
2011-04-25 21:19:48 Debug: Notice (8): Undefined index: Photo in [C:\xampp\htdocs\FacepalmRoulette\myapp\views\photos\next.ctp, line 7]
2011-04-25 21:19:48 Debug: Notice (8): Undefined index: Photo in [C:\xampp\htdocs\FacepalmRoulette\myapp\views\photos\next.ctp, line 12]
2011-04-25 21:19:48 Debug: Notice (8): Undefined index: Photo in [C:\xampp\htdocs\FacepalmRoulette\myapp\views\photos\next.ctp, line 17]
2011-04-25 21:20:13 Debug: Notice (8): Undefined index: Photo in [C:\xampp\htdocs\FacepalmRoulette\myapp\views\photos\next.ctp, line 12]
2011-04-25 21:20:13 Debug: Notice (8): Undefined index: Photo in [C:\xampp\htdocs\FacepalmRoulette\myapp\views\photos\next.ctp, line 17]
